\BOOKMARK [0][-]{section*.1}{List of Tables}{}% 1
\BOOKMARK [0][-]{section*.2}{List of Figures}{}% 2
\BOOKMARK [0][-]{chapter.1}{Runway design}{}% 3
\BOOKMARK [1][-]{section.1.1}{Declared distances}{chapter.1}% 4
\BOOKMARK [2][-]{subsection.1.1.1}{Runway 1}{section.1.1}% 5
\BOOKMARK [2][-]{subsection.1.1.2}{Runway 2}{section.1.1}% 6
\BOOKMARK [0][-]{chapter.2}{Taxiway design}{}% 7
\BOOKMARK [1][-]{section.2.1}{Introduction}{chapter.2}% 8
\BOOKMARK [1][-]{section.2.2}{Taxiway width}{chapter.2}% 9
\BOOKMARK [1][-]{section.2.3}{Taxiway turns}{chapter.2}% 10
\BOOKMARK [1][-]{section.2.4}{Taxiway overwidths \(sobreanchos\)}{chapter.2}% 11
\BOOKMARK [1][-]{section.2.5}{Taxiway shoulders}{chapter.2}% 12
\BOOKMARK [1][-]{section.2.6}{Taxiway strips}{chapter.2}% 13
\BOOKMARK [1][-]{section.2.7}{Rapid exit taxiways}{chapter.2}% 14
\BOOKMARK [2][-]{subsection.2.7.1}{Introduction}{section.2.7}% 15
\BOOKMARK [2][-]{subsection.2.7.2}{Number of rapid exit taxiways}{section.2.7}% 16
\BOOKMARK [2][-]{subsection.2.7.3}{Design of rapid exit taxiways}{section.2.7}% 17
\BOOKMARK [0][-]{chapter.3}{Holding positions}{}% 18
\BOOKMARK [1][-]{section.3.1}{Introduction}{chapter.3}% 19
\BOOKMARK [1][-]{section.3.2}{Minimum distance between holding position and runway}{chapter.3}% 20
\BOOKMARK [1][-]{section.3.3}{Interference with critical and ILS sensible areas}{chapter.3}% 21
\BOOKMARK [1][-]{section.3.4}{Interference with CWY and physical obstacles}{chapter.3}% 22
\BOOKMARK [2][-]{subsection.3.4.1}{Separation between aircraft \(guardas entre aeronaves\)}{section.3.4}% 23
\BOOKMARK [1][-]{section.3.5}{Final design of holding positions}{chapter.3}% 24
\BOOKMARK [0][-]{chapter.4}{Apron design}{}% 25
\BOOKMARK [1][-]{section.4.1}{Introduction}{chapter.4}% 26
\BOOKMARK [1][-]{section.4.2}{Apron taxiways}{chapter.4}% 27
\BOOKMARK [1][-]{section.4.3}{Aircraft stands}{chapter.4}% 28
\BOOKMARK [2][-]{subsection.4.3.1}{General dimensions of aircraft stands}{section.4.3}% 29
\BOOKMARK [2][-]{subsection.4.3.2}{Dimensions for reference aircraft}{section.4.3}% 30
\BOOKMARK [2][-]{subsection.4.3.3}{Aircraft stands organization}{section.4.3}% 31
\BOOKMARK [1][-]{section.4.4}{No equipment and holding equipment areas}{chapter.4}% 32
\BOOKMARK [1][-]{section.4.5}{Apron trajectories}{chapter.4}% 33
\BOOKMARK [1][-]{section.4.6}{Service ways in apron}{chapter.4}% 34
\BOOKMARK [1][-]{section.4.7}{Terminal connections}{chapter.4}% 35
\BOOKMARK [0][-]{chapter.5}{Markings}{}% 36
\BOOKMARK [1][-]{section.5.1}{Runway markings}{chapter.5}% 37
\BOOKMARK [2][-]{subsection.5.1.1}{Runway centerline markings}{section.5.1}% 38
\BOOKMARK [2][-]{subsection.5.1.2}{Runway side strip markings}{section.5.1}% 39
\BOOKMARK [2][-]{subsection.5.1.3}{Runway threshold markings}{section.5.1}% 40
\BOOKMARK [2][-]{subsection.5.1.4}{Runway ldesignation marking}{section.5.1}% 41
\BOOKMARK [2][-]{subsection.5.1.5}{Runway aiming point markings}{section.5.1}% 42
\BOOKMARK [2][-]{subsection.5.1.6}{Runway touchdown zone markings}{section.5.1}% 43
\BOOKMARK [1][-]{section.5.2}{Taxiway markings}{chapter.5}% 44
\BOOKMARK [2][-]{subsection.5.2.1}{Taxiway centerline markings}{section.5.2}% 45
\BOOKMARK [2][-]{subsection.5.2.2}{Taxiway strip markings}{section.5.2}% 46
\BOOKMARK [2][-]{subsection.5.2.3}{Taxiway holding position markings}{section.5.2}% 47
\BOOKMARK [2][-]{subsection.5.2.4}{Intermediate holding position markings}{section.5.2}% 48
\BOOKMARK [2][-]{subsection.5.2.5}{Runway entry holding position markings}{section.5.2}% 49
\BOOKMARK [2][-]{subsection.5.2.6}{Mandatory instruction marking}{section.5.2}% 50
\BOOKMARK [1][-]{section.5.3}{Apron markings}{chapter.5}% 51
\BOOKMARK [2][-]{subsection.5.3.1}{Apron lead in line markings}{section.5.3}% 52
\BOOKMARK [2][-]{subsection.5.3.2}{Apron boundary markings}{section.5.3}% 53
\BOOKMARK [2][-]{subsection.5.3.3}{End of aircraft movement area markings}{section.5.3}% 54
\BOOKMARK [2][-]{subsection.5.3.4}{Stand lead in line for multiple useable parking stands}{section.5.3}% 55
\BOOKMARK [2][-]{subsection.5.3.5}{Equipment parking line markings}{section.5.3}% 56
\BOOKMARK [2][-]{subsection.5.3.6}{Stand safety line markings}{section.5.3}% 57
\BOOKMARK [2][-]{subsection.5.3.7}{Aircraft stop line markings}{section.5.3}% 58
\BOOKMARK [2][-]{subsection.5.3.8}{Aircraft stand markings}{section.5.3}% 59
\BOOKMARK [2][-]{subsection.5.3.9}{Service way markings}{section.5.3}% 60
\BOOKMARK [0][-]{chapter.6}{Lights}{}% 61
\BOOKMARK [1][-]{section.6.1}{Runway lights}{chapter.6}% 62
\BOOKMARK [2][-]{subsection.6.1.1}{Approach lights}{section.6.1}% 63
\BOOKMARK [2][-]{subsection.6.1.2}{Approach slope indication systems}{section.6.1}% 64
\BOOKMARK [2][-]{subsection.6.1.3}{Runway threshold identification lights}{section.6.1}% 65
\BOOKMARK [2][-]{subsection.6.1.4}{Runway edge lights}{section.6.1}% 66
\BOOKMARK [2][-]{subsection.6.1.5}{Runway threshold and wing bar lights}{section.6.1}% 67
\BOOKMARK [2][-]{subsection.6.1.6}{Runway end lights}{section.6.1}% 68
\BOOKMARK [2][-]{subsection.6.1.7}{Touchdown zone lights}{section.6.1}% 69
\BOOKMARK [2][-]{subsection.6.1.8}{Runway rapid exit lights}{section.6.1}% 70
\BOOKMARK [1][-]{section.6.2}{Taxiway lights}{chapter.6}% 71
\BOOKMARK [2][-]{subsection.6.2.1}{Taxiway lights}{section.6.2}% 72
\BOOKMARK [2][-]{subsection.6.2.2}{Taxiway lights for an exit taxiway}{section.6.2}% 73
\BOOKMARK [2][-]{subsection.6.2.3}{Taxiway light for a rapid exit taxiway}{section.6.2}% 74
\BOOKMARK [2][-]{subsection.6.2.4}{Taxiway edge lights}{section.6.2}% 75
\BOOKMARK [2][-]{subsection.6.2.5}{Stop bar lights}{section.6.2}% 76
\BOOKMARK [2][-]{subsection.6.2.6}{Intermediate holding point lights}{section.6.2}% 77
\BOOKMARK [1][-]{section.6.3}{Apron lights}{chapter.6}% 78
\BOOKMARK [2][-]{subsection.6.3.1}{Line and edge apron lights}{section.6.3}% 79
\BOOKMARK [2][-]{subsection.6.3.2}{Projector based apron lighting}{section.6.3}% 80
\BOOKMARK [2][-]{subsection.6.3.3}{Visual guidancd system for parking}{section.6.3}% 81
\BOOKMARK [0][-]{chapter.7}{Signs}{}% 82
\BOOKMARK [1][-]{section.7.1}{Mandatory instruction signs}{chapter.7}% 83
\BOOKMARK [1][-]{section.7.2}{Information signs}{chapter.7}% 84
\BOOKMARK [0][-]{chapter.8}{High-voltage electrical system}{}% 85
\BOOKMARK [1][-]{section.8.1}{Electrical system general design}{chapter.8}% 86
\BOOKMARK [1][-]{section.8.2}{Connection sub-stations}{chapter.8}% 87
\BOOKMARK [1][-]{section.8.3}{Electric powerplant}{chapter.8}% 88
\BOOKMARK [1][-]{section.8.4}{Electrical transformation center}{chapter.8}% 89
\BOOKMARK [1][-]{section.8.5}{Channeling and distribution of the electrical system}{chapter.8}% 90
\BOOKMARK [0][-]{chapter.9}{Medium voltage electrical system}{}% 91
\BOOKMARK [1][-]{section.9.1}{Beacon circuits}{chapter.9}% 92
\BOOKMARK [2][-]{subsection.9.1.1}{Runway centerline lighting system}{section.9.1}% 93
\BOOKMARK [2][-]{subsection.9.1.2}{Taxiway centerline lighting system}{section.9.1}% 94
\BOOKMARK [2][-]{subsection.9.1.3}{Runway and taxiway centerlines lighting system}{section.9.1}% 95
\BOOKMARK [2][-]{subsection.9.1.4}{Approach lighting system}{section.9.1}% 96
\BOOKMARK [2][-]{subsection.9.1.5}{Touchdown zone lighting system}{section.9.1}% 97
\BOOKMARK [2][-]{subsection.9.1.6}{Runway header lighting system}{section.9.1}% 98
\BOOKMARK [2][-]{subsection.9.1.7}{RETIL electrical circuit}{section.9.1}% 99
\BOOKMARK [2][-]{subsection.9.1.8}{PAPI electrical circuit}{section.9.1}% 100
\BOOKMARK [2][-]{subsection.9.1.9}{Stop bar electrical circuit}{section.9.1}% 101
\BOOKMARK [2][-]{subsection.9.1.10}{Signs electrical circuit}{section.9.1}% 102
\BOOKMARK [1][-]{section.9.2}{Regulation chambers}{chapter.9}% 103
\BOOKMARK [1][-]{section.9.3}{Wire channeling}{chapter.9}% 104
\BOOKMARK [0][-]{chapter.10}{Aeronautical limitation surfaces}{}% 105
\BOOKMARK [1][-]{section.10.1}{Physical limitation surfaces}{chapter.10}% 106
\BOOKMARK [1][-]{section.10.2}{ILS limitation surfaces}{chapter.10}% 107
\BOOKMARK [1][-]{section.10.3}{Localizer limitation surfaces}{chapter.10}% 108
\BOOKMARK [1][-]{section.10.4}{Gliding trajectory protection limitation surfaces}{chapter.10}% 109
\BOOKMARK [0][-]{chapter.11}{Bibliography}{}% 110
