\BOOKMARK [0][-]{section*.1}{List of Tables}{}% 1
\BOOKMARK [0][-]{section*.2}{List of Figures}{}% 2
\BOOKMARK [0][-]{chapter.1}{Airport location and characterization}{}% 3
\BOOKMARK [1][-]{section.1.1}{Location}{chapter.1}% 4
\BOOKMARK [1][-]{section.1.2}{Meteorology}{chapter.1}% 5
\BOOKMARK [2][-]{subsection.1.2.1}{Temperature}{section.1.2}% 6
\BOOKMARK [2][-]{subsection.1.2.2}{Wind}{section.1.2}% 7
\BOOKMARK [0][-]{chapter.2}{Runway design}{}% 8
\BOOKMARK [1][-]{section.2.1}{Introduction}{chapter.2}% 9
\BOOKMARK [1][-]{section.2.2}{Runway Length}{chapter.2}% 10
\BOOKMARK [2][-]{subsection.2.2.1}{Runway 1}{section.2.2}% 11
\BOOKMARK [3][-]{subsubsection.2.2.1.1}{Reference Field Length}{subsection.2.2.1}% 12
\BOOKMARK [3][-]{subsubsection.2.2.1.2}{Reference code}{subsection.2.2.1}% 13
\BOOKMARK [3][-]{subsubsection.2.2.1.3}{Runway width and shoulders}{subsection.2.2.1}% 14
\BOOKMARK [3][-]{subsubsection.2.2.1.4}{Declared distances}{subsection.2.2.1}% 15
\BOOKMARK [3][-]{subsubsection.2.2.1.5}{Runway strips}{subsection.2.2.1}% 16
\BOOKMARK [3][-]{subsubsection.2.2.1.6}{Runway end safety area \(RESA\)}{subsection.2.2.1}% 17
\BOOKMARK [3][-]{subsubsection.2.2.1.7}{Stopway \(SWY\)}{subsection.2.2.1}% 18
\BOOKMARK [3][-]{subsubsection.2.2.1.8}{Clearway \(CWY\)}{subsection.2.2.1}% 19
\BOOKMARK [0][-]{chapter.3}{Taxiway design}{}% 20
\BOOKMARK [1][-]{section.3.1}{Introduction}{chapter.3}% 21
\BOOKMARK [1][-]{section.3.2}{Taxiway width}{chapter.3}% 22
\BOOKMARK [1][-]{section.3.3}{Taxiway turns}{chapter.3}% 23
\BOOKMARK [1][-]{section.3.4}{Taxiway overwidths \(sobreanchos\)}{chapter.3}% 24
\BOOKMARK [1][-]{section.3.5}{Taxiway shoulders}{chapter.3}% 25
\BOOKMARK [1][-]{section.3.6}{Taxiway strips}{chapter.3}% 26
\BOOKMARK [1][-]{section.3.7}{Rapid exit taxiways}{chapter.3}% 27
\BOOKMARK [2][-]{subsection.3.7.1}{Introduction}{section.3.7}% 28
\BOOKMARK [2][-]{subsection.3.7.2}{Number of rapid exit taxiways}{section.3.7}% 29
\BOOKMARK [2][-]{subsection.3.7.3}{Design of rapid exit taxiways}{section.3.7}% 30
\BOOKMARK [0][-]{chapter.4}{Holding positions}{}% 31
\BOOKMARK [1][-]{section.4.1}{Introduction}{chapter.4}% 32
\BOOKMARK [1][-]{section.4.2}{Minimum distance between holding position and runway}{chapter.4}% 33
\BOOKMARK [1][-]{section.4.3}{Interference with critical and ILS sensible areas}{chapter.4}% 34
\BOOKMARK [1][-]{section.4.4}{Interference with CWY and physical obstacles}{chapter.4}% 35
\BOOKMARK [2][-]{subsection.4.4.1}{Separation between aircraft \(guardas entre aeronaves\)}{section.4.4}% 36
\BOOKMARK [1][-]{section.4.5}{Final design of holding positions}{chapter.4}% 37
\BOOKMARK [0][-]{chapter.5}{Apron design}{}% 38
\BOOKMARK [1][-]{section.5.1}{Introduction}{chapter.5}% 39
\BOOKMARK [1][-]{section.5.2}{Apron taxiways}{chapter.5}% 40
\BOOKMARK [1][-]{section.5.3}{Aircraft stands}{chapter.5}% 41
\BOOKMARK [2][-]{subsection.5.3.1}{General dimensions of aircraft stands}{section.5.3}% 42
\BOOKMARK [2][-]{subsection.5.3.2}{Dimensions for reference aircraft}{section.5.3}% 43
\BOOKMARK [2][-]{subsection.5.3.3}{Aircraft stands organization}{section.5.3}% 44
\BOOKMARK [1][-]{section.5.4}{No equipment and holding equipment areas}{chapter.5}% 45
\BOOKMARK [1][-]{section.5.5}{Apron trajectories}{chapter.5}% 46
\BOOKMARK [1][-]{section.5.6}{Service ways in apron}{chapter.5}% 47
\BOOKMARK [1][-]{section.5.7}{Terminal connections}{chapter.5}% 48
\BOOKMARK [0][-]{chapter.6}{Markings}{}% 49
\BOOKMARK [1][-]{section.6.1}{Runway markings}{chapter.6}% 50
\BOOKMARK [2][-]{subsection.6.1.1}{Runway centerline markings}{section.6.1}% 51
\BOOKMARK [2][-]{subsection.6.1.2}{Runway side strip markings}{section.6.1}% 52
\BOOKMARK [2][-]{subsection.6.1.3}{Runway threshold markings}{section.6.1}% 53
\BOOKMARK [2][-]{subsection.6.1.4}{Runway ldesignation marking}{section.6.1}% 54
\BOOKMARK [2][-]{subsection.6.1.5}{Runway aiming point markings}{section.6.1}% 55
\BOOKMARK [2][-]{subsection.6.1.6}{Runway touchdown zone markings}{section.6.1}% 56
\BOOKMARK [1][-]{section.6.2}{Taxiway markings}{chapter.6}% 57
\BOOKMARK [2][-]{subsection.6.2.1}{Taxiway centerline markings}{section.6.2}% 58
\BOOKMARK [2][-]{subsection.6.2.2}{Taxiway strip markings}{section.6.2}% 59
\BOOKMARK [2][-]{subsection.6.2.3}{Taxiway holding position markings}{section.6.2}% 60
\BOOKMARK [2][-]{subsection.6.2.4}{Intermediate holding position markings}{section.6.2}% 61
\BOOKMARK [2][-]{subsection.6.2.5}{Runway entry holding position markings}{section.6.2}% 62
\BOOKMARK [2][-]{subsection.6.2.6}{Mandatory instruction marking}{section.6.2}% 63
\BOOKMARK [1][-]{section.6.3}{Apron markings}{chapter.6}% 64
\BOOKMARK [2][-]{subsection.6.3.1}{Apron lead in line markings}{section.6.3}% 65
\BOOKMARK [2][-]{subsection.6.3.2}{Apron boundary markings}{section.6.3}% 66
\BOOKMARK [2][-]{subsection.6.3.3}{End of aircraft movement area markings}{section.6.3}% 67
\BOOKMARK [2][-]{subsection.6.3.4}{Stand lead in line for multiple useable parking stands}{section.6.3}% 68
\BOOKMARK [2][-]{subsection.6.3.5}{Equipment parking line markings}{section.6.3}% 69
\BOOKMARK [2][-]{subsection.6.3.6}{Stand safety line markings}{section.6.3}% 70
\BOOKMARK [2][-]{subsection.6.3.7}{Aircraft stop line markings}{section.6.3}% 71
\BOOKMARK [2][-]{subsection.6.3.8}{Aircraft stand markings}{section.6.3}% 72
\BOOKMARK [2][-]{subsection.6.3.9}{Service way markings}{section.6.3}% 73
\BOOKMARK [0][-]{chapter.7}{Lights}{}% 74
\BOOKMARK [1][-]{section.7.1}{Runway lights}{chapter.7}% 75
\BOOKMARK [2][-]{subsection.7.1.1}{Approach lights}{section.7.1}% 76
\BOOKMARK [2][-]{subsection.7.1.2}{Approach slope indication systems}{section.7.1}% 77
\BOOKMARK [2][-]{subsection.7.1.3}{Runway threshold identification lights}{section.7.1}% 78
\BOOKMARK [2][-]{subsection.7.1.4}{Runway edge lights}{section.7.1}% 79
\BOOKMARK [2][-]{subsection.7.1.5}{Runway threshold and wing bar lights}{section.7.1}% 80
\BOOKMARK [2][-]{subsection.7.1.6}{Runway end lights}{section.7.1}% 81
\BOOKMARK [2][-]{subsection.7.1.7}{Touchdown zone lights}{section.7.1}% 82
\BOOKMARK [2][-]{subsection.7.1.8}{Runway rapid exit lights}{section.7.1}% 83
\BOOKMARK [1][-]{section.7.2}{Taxiway lights}{chapter.7}% 84
\BOOKMARK [2][-]{subsection.7.2.1}{Taxiway lights}{section.7.2}% 85
\BOOKMARK [2][-]{subsection.7.2.2}{Taxiway lights for an exit taxiway}{section.7.2}% 86
\BOOKMARK [2][-]{subsection.7.2.3}{Taxiway light for a rapid exit taxiway}{section.7.2}% 87
\BOOKMARK [2][-]{subsection.7.2.4}{Taxiway edge lights}{section.7.2}% 88
\BOOKMARK [2][-]{subsection.7.2.5}{Stop bar lights}{section.7.2}% 89
\BOOKMARK [2][-]{subsection.7.2.6}{Intermediate holding point lights}{section.7.2}% 90
\BOOKMARK [1][-]{section.7.3}{Apron lights}{chapter.7}% 91
\BOOKMARK [2][-]{subsection.7.3.1}{Line and edge apron lights}{section.7.3}% 92
\BOOKMARK [2][-]{subsection.7.3.2}{Projector based apron lighting}{section.7.3}% 93
\BOOKMARK [2][-]{subsection.7.3.3}{Visual guidancd system for parking}{section.7.3}% 94
\BOOKMARK [0][-]{chapter.8}{Signs}{}% 95
\BOOKMARK [1][-]{section.8.1}{Mandatory instruction signs}{chapter.8}% 96
\BOOKMARK [1][-]{section.8.2}{Information signs}{chapter.8}% 97
\BOOKMARK [0][-]{chapter.9}{High-voltage electrical system}{}% 98
\BOOKMARK [1][-]{section.9.1}{Electrical system general design}{chapter.9}% 99
\BOOKMARK [1][-]{section.9.2}{Connection sub-stations}{chapter.9}% 100
\BOOKMARK [1][-]{section.9.3}{Electric powerplant}{chapter.9}% 101
\BOOKMARK [1][-]{section.9.4}{Electrical transformation center}{chapter.9}% 102
\BOOKMARK [1][-]{section.9.5}{Channeling and distribution of the electrical system}{chapter.9}% 103
\BOOKMARK [0][-]{chapter.10}{Medium voltage electrical system}{}% 104
\BOOKMARK [1][-]{section.10.1}{Beacon circuits}{chapter.10}% 105
\BOOKMARK [2][-]{subsection.10.1.1}{Runway centerline lighting system}{section.10.1}% 106
\BOOKMARK [2][-]{subsection.10.1.2}{Taxiway centerline lighting system}{section.10.1}% 107
\BOOKMARK [2][-]{subsection.10.1.3}{Runway and taxiway centerlines lighting system}{section.10.1}% 108
\BOOKMARK [2][-]{subsection.10.1.4}{Approach lighting system}{section.10.1}% 109
\BOOKMARK [2][-]{subsection.10.1.5}{Touchdown zone lighting system}{section.10.1}% 110
\BOOKMARK [2][-]{subsection.10.1.6}{Runway header lighting system}{section.10.1}% 111
\BOOKMARK [2][-]{subsection.10.1.7}{RETIL electrical circuit}{section.10.1}% 112
\BOOKMARK [2][-]{subsection.10.1.8}{PAPI electrical circuit}{section.10.1}% 113
\BOOKMARK [2][-]{subsection.10.1.9}{Stop bar electrical circuit}{section.10.1}% 114
\BOOKMARK [2][-]{subsection.10.1.10}{Signs electrical circuit}{section.10.1}% 115
\BOOKMARK [1][-]{section.10.2}{Regulation chambers}{chapter.10}% 116
\BOOKMARK [1][-]{section.10.3}{Wire channeling}{chapter.10}% 117
\BOOKMARK [0][-]{chapter.11}{Aeronautical limitation surfaces}{}% 118
\BOOKMARK [1][-]{section.11.1}{Physical limitation surfaces}{chapter.11}% 119
\BOOKMARK [1][-]{section.11.2}{ILS limitation surfaces}{chapter.11}% 120
\BOOKMARK [1][-]{section.11.3}{Localizer limitation surfaces}{chapter.11}% 121
\BOOKMARK [1][-]{section.11.4}{Gliding trajectory protection limitation surfaces}{chapter.11}% 122
\BOOKMARK [0][-]{chapter.12}{Bibliography}{}% 123
